Cloning into bare repository './git-backup'...
done.
Everything up-to-date
Everything up-to-date
Cloning into bare repository './git-backup'...
done.
Everything up-to-date
Everything up-to-date
Cloning into bare repository './git-backup'...
done.
Everything up-to-date
Everything up-to-date
Cloning into bare repository './git-backup'...
done.
Everything up-to-date
Everything up-to-date
Cloning into bare repository './git-backup'...
done.
Everything up-to-date
Everything up-to-date
Cloning into bare repository './git-backup'...
done.
To https://github.com/herculeanfit1/AIStudyPlans-Backups.git
   e0622a3..dc24545  main -> main
Everything up-to-date
