2025-04-26 20:34:31 - Starting backup process
2025-04-26 20:34:31 - Created temporary directory: /tmp/AIStudyPlans-backup-20250426-203431
2025-04-26 20:34:31 - Cloning source repository as mirror
2025-04-26 20:34:31 - Adding backup remote
2025-04-26 20:34:31 - Pushing to backup repository
2025-04-26 20:34:32 - Removing temporary directory
2025-04-26 20:34:32 - Backup completed successfully
Backup completed. Check /Users/herculeanfit1/dev/AIStudyPlans/aistudyplans-backup_log.txt for details.
2025-04-27 02:34:48 - Starting backup process
2025-04-27 02:34:48 - Created temporary directory: /tmp/AIStudyPlans-backup-20250427-023448
2025-04-27 02:34:48 - Cloning source repository as mirror
2025-04-27 02:34:48 - Adding backup remote
2025-04-27 02:34:48 - Pushing to backup repository
2025-04-27 02:34:49 - Removing temporary directory
2025-04-27 02:34:49 - Backup completed successfully
Backup completed. Check /Users/herculeanfit1/dev/AIStudyPlans/aistudyplans-backup_log.txt for details.
2025-04-27 08:44:17 - Starting backup process
2025-04-27 08:44:17 - Created temporary directory: /tmp/AIStudyPlans-backup-20250427-084417
2025-04-27 08:44:17 - Cloning source repository as mirror
2025-04-27 08:44:17 - Adding backup remote
2025-04-27 08:44:17 - Pushing to backup repository
2025-04-27 08:44:19 - Removing temporary directory
2025-04-27 08:44:19 - Backup completed successfully
Backup completed. Check /Users/herculeanfit1/dev/AIStudyPlans/aistudyplans-backup_log.txt for details.
2025-04-27 15:33:32 - Starting backup process
2025-04-27 15:33:32 - Created temporary directory: /tmp/AIStudyPlans-backup-20250427-153332
2025-04-27 15:33:32 - Cloning source repository as mirror
2025-04-27 15:33:33 - Adding backup remote
2025-04-27 15:33:33 - Pushing to backup repository
2025-04-27 15:33:37 - Removing temporary directory
2025-04-27 15:33:37 - Backup completed successfully
Backup completed. Check /Users/herculeanfit1/dev/AIStudyPlans/aistudyplans-backup_log.txt for details.
2025-04-27 21:35:32 - Starting backup process
2025-04-27 21:35:32 - Created temporary directory: /tmp/AIStudyPlans-backup-20250427-213532
2025-04-27 21:35:32 - Cloning source repository as mirror
2025-04-27 21:35:32 - Adding backup remote
2025-04-27 21:35:32 - Pushing to backup repository
2025-04-27 21:35:36 - Removing temporary directory
2025-04-27 21:35:36 - Backup completed successfully
Backup completed. Check /Users/herculeanfit1/dev/AIStudyPlans/aistudyplans-backup_log.txt for details.
2025-04-28 08:35:41 - Starting backup process
2025-04-28 08:35:41 - Created temporary directory: /tmp/AIStudyPlans-backup-20250428-083541
2025-04-28 08:35:41 - Cloning source repository as mirror
2025-04-28 08:35:42 - Adding backup remote
2025-04-28 08:35:42 - Pushing to backup repository
2025-04-28 08:35:43 - Removing temporary directory
2025-04-28 08:35:43 - Backup completed successfully
Backup completed. Check /Users/herculeanfit1/dev/AIStudyPlans/aistudyplans-backup_log.txt for details.
